<?xml version="1.0" encoding="UTF-8"?>
<!-- Generated by org.testng.reporters.JUnitXMLReporter -->
<testsuite ignored="0" hostname="NTLTP11-PC" failures="0" tests="4" name="Default test" time="15.04" errors="0" timestamp="2024-05-16T17:10:04 IST">
  <testcase classname="days1.HttpRequests" name="getListOfUser" time="9.556"/>
  <testcase classname="days1.HttpRequests" name="createUser" time="2.273"/>
  <testcase classname="days1.HttpRequests" name="updateUser" time="2.109"/>
  <testcase classname="days1.HttpRequests" name="deletUser" time="0.999"/>
</testsuite> <!-- Default test -->
