<?xml version="1.0" encoding="UTF-8"?>
<testng-results ignored="0" total="4" passed="4" failed="0" skipped="0">
  <reporter-output>
  </reporter-output>
  <suite started-at="2024-05-16T17:09:48 IST" name="Default suite" finished-at="2024-05-16T17:10:03 IST" duration-ms="15040">
    <groups>
    </groups>
    <test started-at="2024-05-16T17:09:48 IST" name="Default test" finished-at="2024-05-16T17:10:03 IST" duration-ms="15040">
      <class name="days1.HttpRequests">
        <test-method signature="getListOfUser()[pri:1, instance:days1.HttpRequests@2accdbb5]" started-at="2024-05-16T17:09:48 IST" name="getListOfUser" finished-at="2024-05-16T17:09:58 IST" duration-ms="9556" status="PASS">
          <reporter-output>
          </reporter-output>
        </test-method> <!-- getListOfUser -->
        <test-method signature="createUser()[pri:2, instance:days1.HttpRequests@2accdbb5]" started-at="2024-05-16T17:09:58 IST" name="createUser" finished-at="2024-05-16T17:10:00 IST" duration-ms="2273" status="PASS">
          <reporter-output>
          </reporter-output>
        </test-method> <!-- createUser -->
        <test-method signature="updateUser()[pri:3, instance:days1.HttpRequests@2accdbb5]" started-at="2024-05-16T17:10:00 IST" name="updateUser" finished-at="2024-05-16T17:10:02 IST" depends-on-methods="days1.HttpRequests.createUser" duration-ms="2109" status="PASS">
          <reporter-output>
          </reporter-output>
        </test-method> <!-- updateUser -->
        <test-method signature="deletUser()[pri:4, instance:days1.HttpRequests@2accdbb5]" started-at="2024-05-16T17:10:02 IST" name="deletUser" finished-at="2024-05-16T17:10:03 IST" depends-on-methods="days1.HttpRequests.createUser" duration-ms="999" status="PASS">
          <reporter-output>
          </reporter-output>
        </test-method> <!-- deletUser -->
      </class> <!-- days1.HttpRequests -->
    </test> <!-- Default test -->
  </suite> <!-- Default suite -->
</testng-results>
